# JRE version: OpenJDK Runtime Environment (17.0.6) (build 17.0.6+0-b2043.56-9586694)
# Java VM: OpenJDK 64-Bit Server VM (17.0.6+0-b2043.56-9586694, mixed mode, tiered, compressed oops, compressed class ptrs, g1 gc, windows-amd64)
GC Precious Log:
 CPUs: 12 total, 12 available
 Memory: 16205M
 Large Page Support: Disabled
 NUMA Support: Disabled
 Compressed Oops: Enabled (32-bit)
 Heap Region Size: 1M
 Heap Min Capacity: 8M
 Heap Initial Capacity: 254M
 Heap Max Capacity: 2G
 Pre-touch: Disabled
 Parallel Workers: 10
 Concurrent Workers: 3
 Concurrent Refinement Workers: 10
 Periodic GC: Disabled
Heap:
 garbage-first heap   total 260096K, used 102292K [0x0000000080000000, 0x0000000100000000)
  region size 1024K, 2 young (2048K), 2 survivors (2048K)
 Metaspace       used 67267K, committed 67840K, reserved 1114112K
  class space    used 8616K, committed 8896K, reserved 1048576K
GC Heap History (20 events):
Event: 7.629 GC heap after
{Heap after GC invocations=28 (full 0):
 garbage-first heap   total 187392K, used 92861K [0x0000000080000000, 0x0000000100000000)
  region size 1024K, 2 young (2048K), 2 survivors (2048K)
 Metaspace       used 63602K, committed 64192K, reserved 1105920K
  class space    used 8391K, committed 8704K, reserved 1048576K
}
Event: 10.956 GC heap before
{Heap before GC invocations=28 (full 0):
 garbage-first heap   total 187392K, used 148157K [0x0000000080000000, 0x0000000100000000)
  region size 1024K, 56 young (57344K), 2 survivors (2048K)
 Metaspace       used 66417K, committed 66944K, reserved 1114112K
  class space    used 8600K, committed 8832K, reserved 1048576K
}
Event: 10.958 GC heap after
{Heap after GC invocations=29 (full 0):
 garbage-first heap   total 187392K, used 95847K [0x0000000080000000, 0x0000000100000000)
  region size 1024K, 5 young (5120K), 5 survivors (5120K)
 Metaspace       used 66417K, committed 66944K, reserved 1114112K
  class space    used 8600K, committed 8832K, reserved 1048576K
}
Event: 19.954 GC heap before
{Heap before GC invocations=30 (full 0):
 garbage-first heap   total 187392K, used 151143K [0x0000000080000000, 0x0000000100000000)
  region size 1024K, 59 young (60416K), 5 survivors (5120K)
 Metaspace       used 66888K, committed 67456K, reserved 1114112K
  class space    used 8607K, committed 8832K, reserved 1048576K
}
Event: 19.957 GC heap after
{Heap after GC invocations=31 (full 0):
 garbage-first heap   total 187392K, used 97765K [0x0000000080000000, 0x0000000100000000)
  region size 1024K, 6 young (6144K), 6 survivors (6144K)
 Metaspace       used 66888K, committed 67456K, reserved 1114112K
  class space    used 8607K, committed 8832K, reserved 1048576K
}
Event: 28.977 GC heap before
{Heap before GC invocations=31 (full 0):
 garbage-first heap   total 187392K, used 131557K [0x0000000080000000, 0x0000000100000000)
  region size 1024K, 40 young (40960K), 6 survivors (6144K)
 Metaspace       used 66985K, committed 67520K, reserved 1114112K
  class space    used 8608K, committed 8832K, reserved 1048576K
}
Event: 28.980 GC heap after
{Heap after GC invocations=32 (full 0):
 garbage-first heap   total 187392K, used 97919K [0x0000000080000000, 0x0000000100000000)
  region size 1024K, 3 young (3072K), 3 survivors (3072K)
 Metaspace       used 66985K, committed 67520K, reserved 1114112K
  class space    used 8608K, committed 8832K, reserved 1048576K
}
Event: 29.028 GC heap before
{Heap before GC invocations=33 (full 0):
 garbage-first heap   total 188416K, used 118399K [0x0000000080000000, 0x0000000100000000)
  region size 1024K, 22 young (22528K), 3 survivors (3072K)
 Metaspace       used 67089K, committed 67584K, reserved 1114112K
  class space    used 8614K, committed 8832K, reserved 1048576K
}
Event: 29.031 GC heap after
{Heap after GC invocations=34 (full 0):
 garbage-first heap   total 188416K, used 98334K [0x0000000080000000, 0x0000000100000000)
  region size 1024K, 2 young (2048K), 2 survivors (2048K)
 Metaspace       used 67089K, committed 67584K, reserved 1114112K
  class space    used 8614K, committed 8832K, reserved 1048576K
}
Event: 29.081 GC heap before
{Heap before GC invocations=35 (full 0):
 garbage-first heap   total 196608K, used 123934K [0x0000000080000000, 0x0000000100000000)
  region size 1024K, 27 young (27648K), 2 survivors (2048K)
 Metaspace       used 67192K, committed 67712K, reserved 1114112K
  class space    used 8614K, committed 8832K, reserved 1048576K
}
Event: 29.082 GC heap after
{Heap after GC invocations=36 (full 0):
 garbage-first heap   total 196608K, used 99825K [0x0000000080000000, 0x0000000100000000)
  region size 1024K, 3 young (3072K), 3 survivors (3072K)
 Metaspace       used 67192K, committed 67712K, reserved 1114112K
  class space    used 8614K, committed 8832K, reserved 1048576K
}
Event: 29.159 GC heap before
{Heap before GC invocations=37 (full 0):
 garbage-first heap   total 208896K, used 161265K [0x0000000080000000, 0x0000000100000000)
  region size 1024K, 63 young (64512K), 3 survivors (3072K)
 Metaspace       used 67231K, committed 67776K, reserved 1114112K
  class space    used 8614K, committed 8832K, reserved 1048576K
}
Event: 29.161 GC heap after
{Heap after GC invocations=38 (full 0):
 garbage-first heap   total 208896K, used 101008K [0x0000000080000000, 0x0000000100000000)
  region size 1024K, 3 young (3072K), 3 survivors (3072K)
 Metaspace       used 67231K, committed 67776K, reserved 1114112K
  class space    used 8614K, committed 8832K, reserved 1048576K
}
Event: 29.224 GC heap before
{Heap before GC invocations=38 (full 0):
 garbage-first heap   total 208896K, used 169616K [0x0000000080000000, 0x0000000100000000)
  region size 1024K, 71 young (72704K), 3 survivors (3072K)
 Metaspace       used 67235K, committed 67776K, reserved 1114112K
  class space    used 8614K, committed 8832K, reserved 1048576K
}
Event: 29.226 GC heap after
{Heap after GC invocations=39 (full 0):
 garbage-first heap   total 208896K, used 102155K [0x0000000080000000, 0x0000000100000000)
  region size 1024K, 4 young (4096K), 4 survivors (4096K)
 Metaspace       used 67235K, committed 67776K, reserved 1114112K
  class space    used 8614K, committed 8832K, reserved 1048576K
}
Event: 29.326 GC heap before
{Heap before GC invocations=40 (full 0):
 garbage-first heap   total 208896K, used 174859K [0x0000000080000000, 0x0000000100000000)
  region size 1024K, 76 young (77824K), 4 survivors (4096K)
 Metaspace       used 67256K, committed 67776K, reserved 1114112K
  class space    used 8615K, committed 8832K, reserved 1048576K
}
Event: 29.328 GC heap after
{Heap after GC invocations=41 (full 0):
 garbage-first heap   total 208896K, used 101767K [0x0000000080000000, 0x0000000100000000)
  region size 1024K, 4 young (4096K), 4 survivors (4096K)
 Metaspace       used 67256K, committed 67776K, reserved 1114112K
  class space    used 8615K, committed 8832K, reserved 1048576K
}
Event: 29.334 GC heap before
{Heap before GC invocations=41 (full 0):
 garbage-first heap   total 208896K, used 106887K [0x0000000080000000, 0x0000000100000000)
  region size 1024K, 10 young (10240K), 4 survivors (4096K)
 Metaspace       used 67256K, committed 67776K, reserved 1114112K
  class space    used 8615K, committed 8832K, reserved 1048576K
}
Event: 29.336 GC heap after
{Heap after GC invocations=42 (full 0):
 garbage-first heap   total 208896K, used 101618K [0x0000000080000000, 0x0000000100000000)
  region size 1024K, 1 young (1024K), 1 survivors (1024K)
 Metaspace       used 67256K, committed 67776K, reserved 1114112K
  class space    used 8615K, committed 8832K, reserved 1048576K
}
Event: 29.409 GC heap before
{Heap before GC invocations=42 (full 0):
 garbage-first heap   total 208896K, used 177394K [0x0000000080000000, 0x0000000100000000)
  region size 1024K, 75 young (76800K), 1 survivors (1024K)
 Metaspace       used 67267K, committed 67840K, reserved 1114112K
  class space    used 8616K, committed 8896K, reserved 1048576K
}

